Classfile /D:/Document/demo/world/concurrencyinpractice/target/classes/com/demo/art/Synchronized.class
  Last modified 2019-8-12; size 608 bytes
  MD5 checksum 67721f05c5e7bba3071f17c9960753ef
  Compiled from "Synchronized.java"
public class com.demo.art.Synchronized
  minor version: 0
  major version: 52
  flags: ACC_PUBLIC, ACC_SUPER
Constant pool:
   #1 = Methodref          #4.#24         // java/lang/Object."<init>":()V
   #2 = Class              #25            // com/demo/art/Synchronized
   #3 = Methodref          #2.#26         // com/demo/art/Synchronized.m:()V
   #4 = Class              #27            // java/lang/Object
   #5 = Utf8               <init>
   #6 = Utf8               ()V
   #7 = Utf8               Code
   #8 = Utf8               LineNumberTable
   #9 = Utf8               LocalVariableTable
  #10 = Utf8               this
  #11 = Utf8               Lcom/demo/art/Synchronized;
  #12 = Utf8               main
  #13 = Utf8               ([Ljava/lang/String;)V
  #14 = Utf8               args
  #15 = Utf8               [Ljava/lang/String;
  #16 = Utf8               StackMapTable
  #17 = Class              #15            // "[Ljava/lang/String;"
  #18 = Class              #27            // java/lang/Object
  #19 = Class              #28            // java/lang/Throwable
  #20 = Utf8               MethodParameters
  #21 = Utf8               m
  #22 = Utf8               SourceFile
  #23 = Utf8               Synchronized.java
  #24 = NameAndType        #5:#6          // "<init>":()V
  #25 = Utf8               com/demo/art/Synchronized
  #26 = NameAndType        #21:#6         // m:()V
  #27 = Utf8               java/lang/Object
  #28 = Utf8               java/lang/Throwable
{
  public com.demo.art.Synchronized();
    descriptor: ()V
    flags: ACC_PUBLIC
    Code:
      stack=1, locals=1, args_size=1
         0: aload_0
         1: invokespecial #1                  // Method java/lang/Object."<init>":()V
         4: return
      LineNumberTable:
        line 7: 0
      LocalVariableTable:
        Start  Length  Slot  Name   Signature
            0       5     0  this   Lcom/demo/art/Synchronized;

  public static void main(java.lang.String[]);
    descriptor: ([Ljava/lang/String;)V
    flags: ACC_PUBLIC, ACC_STATIC
    Code:
      stack=2, locals=3, args_size=1
         0: ldc           #2                  // class com/demo/art/Synchronized
         2: dup
         3: astore_1
         4: monitorenter
         5: invokestatic  #3                  // Method m:()V
         8: aload_1
         9: monitorexit
        10: goto          18
        13: astore_2
        14: aload_1
        15: monitorexit
        16: aload_2
        17: athrow
        18: return
      Exception table:
         from    to  target type
             5    10    13   any
            13    16    13   any
      LineNumberTable:
        line 9: 0
        line 10: 5
        line 11: 8
        line 12: 18
      LocalVariableTable:
        Start  Length  Slot  Name   Signature
            0      19     0  args   [Ljava/lang/String;
      StackMapTable: number_of_entries = 2
        frame_type = 255 /* full_frame */
          offset_delta = 13
          locals = [ class "[Ljava/lang/String;", class java/lang/Object ]
          stack = [ class java/lang/Throwable ]
        frame_type = 250 /* chop */
          offset_delta = 4
    MethodParameters:
      Name                           Flags
      args

  public static synchronized void m();
    descriptor: ()V
    flags: ACC_PUBLIC, ACC_STATIC, ACC_SYNCHRONIZED
    Code:
      stack=0, locals=0, args_size=0
         0: return
      LineNumberTable:
        line 14: 0
}
SourceFile: "Synchronized.java"
